{"level":30,"time":1675852960481,"pid":25544,"hostname":"MacBook-Pro","msg":"Validating config file and environment variables"}
{"level":40,"time":1675852960483,"pid":25544,"hostname":"MacBook-Pro","msg":"env: SPOTIFY_CLIENT_ID or SPOTIFY_CLIENT_SECRET are missing. Spotify music links won't work"}
{"level":40,"time":1675852960483,"pid":25544,"hostname":"MacBook-Pro","msg":"config.js: OWNER_IDS are empty"}
{"level":40,"time":1675852960483,"pid":25544,"hostname":"MacBook-Pro","msg":"env: WEATHERSTACK_KEY is missing. Weather command won't work"}
{"level":40,"time":1675852960483,"pid":25544,"hostname":"MacBook-Pro","msg":"env: STRANGE_API_KEY is missing. Image commands won't work"}
{"level":30,"time":1675852960542,"pid":25544,"hostname":"MacBook-Pro","msg":"Loading commands..."}
{"level":20,"time":1675852960553,"pid":25544,"hostname":"MacBook-Pro","msg":"Skipping Command anti. Category AUTOMOD is disabled"}
{"level":20,"time":1675852960553,"pid":25544,"hostname":"MacBook-Pro","msg":"Skipping Command autodelete. Category AUTOMOD is disabled"}
{"level":20,"time":1675852960611,"pid":25544,"hostname":"MacBook-Pro","msg":"Skipping Command automod. Category AUTOMOD is disabled"}
{"level":20,"time":1675852960633,"pid":25544,"hostname":"MacBook-Pro","msg":"Skipping Command bank. Category ECONOMY is disabled"}
{"level":20,"time":1675852960634,"pid":25544,"hostname":"MacBook-Pro","msg":"Skipping Command beg. Category ECONOMY is disabled"}
{"level":20,"time":1675852960635,"pid":25544,"hostname":"MacBook-Pro","msg":"Skipping Command daily. Category ECONOMY is disabled"}
{"level":20,"time":1675852960636,"pid":25544,"hostname":"MacBook-Pro","msg":"Skipping Command gamble. Category ECONOMY is disabled"}
{"level":20,"time":1675852961096,"pid":25544,"hostname":"MacBook-Pro","msg":"Skipping slash command avatar. Disabled!"}
{"level":20,"time":1675852961097,"pid":25544,"hostname":"MacBook-Pro","msg":"Skipping slash command botinvite. Disabled!"}
{"level":20,"time":1675852961099,"pid":25544,"hostname":"MacBook-Pro","msg":"Skipping slash command botstats. Disabled!"}
{"level":20,"time":1675852961101,"pid":25544,"hostname":"MacBook-Pro","msg":"Skipping slash command channelinfo. Disabled!"}
{"level":20,"time":1675852961102,"pid":25544,"hostname":"MacBook-Pro","msg":"Skipping slash command emojiinfo. Disabled!"}
{"level":20,"time":1675852961112,"pid":25544,"hostname":"MacBook-Pro","msg":"Skipping slash command guildinfo. Disabled!"}
{"level":20,"time":1675852961113,"pid":25544,"hostname":"MacBook-Pro","msg":"Skipping slash command uptime. Disabled!"}
{"level":20,"time":1675852961114,"pid":25544,"hostname":"MacBook-Pro","msg":"Skipping slash command userinfo. Disabled!"}
{"level":20,"time":1675852961116,"pid":25544,"hostname":"MacBook-Pro","msg":"Skipping command bot. Disabled!"}
{"level":20,"time":1675852961118,"pid":25544,"hostname":"MacBook-Pro","msg":"Skipping command info. Disabled!"}
{"level":20,"time":1675852961130,"pid":25544,"hostname":"MacBook-Pro","msg":"Skipping slash command deafen. Disabled!"}
{"level":20,"time":1675852961131,"pid":25544,"hostname":"MacBook-Pro","msg":"Skipping slash command disconnect. Disabled!"}
{"level":20,"time":1675852961134,"pid":25544,"hostname":"MacBook-Pro","msg":"Skipping slash command move. Disabled!"}
{"level":20,"time":1675852961134,"pid":25544,"hostname":"MacBook-Pro","msg":"Skipping slash command purge. Disabled!"}
{"level":20,"time":1675852961135,"pid":25544,"hostname":"MacBook-Pro","msg":"Skipping slash command purgeattach. Disabled!"}
{"level":20,"time":1675852961136,"pid":25544,"hostname":"MacBook-Pro","msg":"Skipping slash command purgebots. Disabled!"}
{"level":20,"time":1675852961137,"pid":25544,"hostname":"MacBook-Pro","msg":"Skipping slash command purgelinks. Disabled!"}
{"level":20,"time":1675852961137,"pid":25544,"hostname":"MacBook-Pro","msg":"Skipping slash command purgetoken. Disabled!"}
{"level":20,"time":1675852961138,"pid":25544,"hostname":"MacBook-Pro","msg":"Skipping slash command purgeuser. Disabled!"}
{"level":20,"time":1675852961139,"pid":25544,"hostname":"MacBook-Pro","msg":"Skipping slash command undeafen. Disabled!"}
{"level":20,"time":1675852961140,"pid":25544,"hostname":"MacBook-Pro","msg":"Skipping slash command vmute. Disabled!"}
{"level":20,"time":1675852961141,"pid":25544,"hostname":"MacBook-Pro","msg":"Skipping slash command vunmute. Disabled!"}
{"level":20,"time":1675852961144,"pid":25544,"hostname":"MacBook-Pro","msg":"Skipping command purge. Disabled!"}
{"level":20,"time":1675852961145,"pid":25544,"hostname":"MacBook-Pro","msg":"Skipping command voice. Disabled!"}
{"level":20,"time":1675852961165,"pid":25544,"hostname":"MacBook-Pro","msg":"Skipping slash command eval. Disabled!"}
{"level":20,"time":1675852961165,"pid":25544,"hostname":"MacBook-Pro","msg":"Skipping slash command leaveserver. Disabled!"}
{"level":20,"time":1675852961166,"pid":25544,"hostname":"MacBook-Pro","msg":"Skipping slash command listservers. Disabled!"}
{"level":20,"time":1675852961168,"pid":25544,"hostname":"MacBook-Pro","msg":"Skipping Command rank. Category STATS is disabled"}
{"level":20,"time":1675852961169,"pid":25544,"hostname":"MacBook-Pro","msg":"Skipping Command stats. Category STATS is disabled"}
{"level":20,"time":1675852961170,"pid":25544,"hostname":"MacBook-Pro","msg":"Skipping Command statstracking. Category STATS is disabled"}
{"level":20,"time":1675852961171,"pid":25544,"hostname":"MacBook-Pro","msg":"Skipping Command levelup. Category STATS is disabled"}
{"level":20,"time":1675852961172,"pid":25544,"hostname":"MacBook-Pro","msg":"Skipping Command suggest. Category SUGGESTION is disabled"}
{"level":20,"time":1675852961174,"pid":25544,"hostname":"MacBook-Pro","msg":"Skipping Command suggestion. Category SUGGESTION is disabled"}
{"level":30,"time":1675852961193,"pid":25544,"hostname":"MacBook-Pro","msg":"Loaded 92 commands"}
{"level":30,"time":1675852961193,"pid":25544,"hostname":"MacBook-Pro","msg":"Loaded 73 slash commands"}
{"level":30,"time":1675852961193,"pid":25544,"hostname":"MacBook-Pro","msg":"Loading contexts..."}
{"level":30,"time":1675852961195,"pid":25544,"hostname":"MacBook-Pro","msg":"Loaded 0 USER contexts"}
{"level":30,"time":1675852961195,"pid":25544,"hostname":"MacBook-Pro","msg":"Loaded 0 MESSAGE contexts"}
{"level":30,"time":1675852961195,"pid":25544,"hostname":"MacBook-Pro","msg":"Loading events..."}
{"level":30,"time":1675852961232,"pid":25544,"hostname":"MacBook-Pro","msg":"Loaded 15 events. Success (15) Failed (0)"}
{"level":30,"time":1675852961928,"pid":25544,"hostname":"MacBook-Pro","msg":"VersionCheck: Your discord bot is up to date"}
{"level":30,"time":1675852961928,"pid":25544,"hostname":"MacBook-Pro","msg":"Launching dashboard"}
{"level":30,"time":1675852962138,"pid":25544,"hostname":"MacBook-Pro","msg":"Connecting to MongoDb..."}
{"level":30,"time":1675852963758,"pid":25544,"hostname":"MacBook-Pro","msg":"Mongoose: Database connection established"}
{"level":30,"time":1675852963777,"pid":25544,"hostname":"MacBook-Pro","msg":"Dashboard is listening on port 8080"}
{"level":30,"time":1675852965040,"pid":25544,"hostname":"MacBook-Pro","msg":"Logged in as AI Rhaym's bot#8363! (1053744760705269801)"}
{"level":20,"time":1675852965041,"pid":25544,"hostname":"MacBook-Pro","msg":"Node \"Local Node\" debug: connection: creating websocket..."}
{"level":30,"time":1675852965042,"pid":25544,"hostname":"MacBook-Pro","msg":"Music Manager initialized"}
{"level":30,"time":1675852965042,"pid":25544,"hostname":"MacBook-Pro","msg":"Initializing giveaways manager..."}
{"level":50,"time":1675852965057,"pid":25544,"hostname":"MacBook-Pro","err":{"type":"Error","message":"Error: connect ECONNREFUSED 127.0.0.1:2333","stack":"Error: Error: connect ECONNREFUSED 127.0.0.1:2333\n    at Connection._onerror (/Users/rhaym/Documents/GitHub/discordJS/node_modules/lavaclient/dist/lib/node/Connection.js:145:33)\n    at callListener (/Users/rhaym/Documents/GitHub/discordJS/node_modules/ws/lib/event-target.js:290:14)\n    at WebSocket.onError (/Users/rhaym/Documents/GitHub/discordJS/node_modules/ws/lib/event-target.js:230:9)\n    at WebSocket.emit (node:events:513:28)\n    at emitErrorAndClose (/Users/rhaym/Documents/GitHub/discordJS/node_modules/ws/lib/websocket.js:1002:13)\n    at ClientRequest.<anonymous> (/Users/rhaym/Documents/GitHub/discordJS/node_modules/ws/lib/websocket.js:854:5)\n    at ClientRequest.emit (node:events:513:28)\n    at Socket.socketErrorListener (node:_http_client:494:9)\n    at Socket.emit (node:events:513:28)\n    at emitErrorNT (node:internal/streams/destroy:157:8)"},"msg":"Node \"Local Node\" encountered an error: Error: connect ECONNREFUSED 127.0.0.1:2333.: Error: connect ECONNREFUSED 127.0.0.1:2333"}
{"level":30,"time":1675852965059,"pid":25544,"hostname":"MacBook-Pro","msg":"Node \"Local Node\" disconnected"}
{"level":20,"time":1675852965059,"pid":25544,"hostname":"MacBook-Pro","msg":"Node \"Local Node\" debug: connection: unable to reconnect"}
{"level":30,"time":1675852965285,"pid":25544,"hostname":"MacBook-Pro","msg":"Giveaway Manager initialized"}
{"level":30,"time":1675852965894,"pid":25544,"hostname":"MacBook-Pro","msg":"Successfully registered interactions"}
{"level":50,"time":1675868054020,"pid":25544,"hostname":"MacBook-Pro","err":{"type":"MongoServerSelectionError","message":"getaddrinfo ENOTFOUND ac-ukrmkqf-shard-00-00.bhbsrt8.mongodb.net","stack":"MongoServerSelectionError: getaddrinfo ENOTFOUND ac-ukrmkqf-shard-00-00.bhbsrt8.mongodb.net\n    at Timeout._onTimeout (/Users/rhaym/Documents/GitHub/discordJS/node_modules/mongodb/lib/sdam/topology.js:292:38)\n    at listOnTimeout (node:internal/timers:559:17)\n    at processTimers (node:internal/timers:502:7)","reason":{"type":"ReplicaSetNoPrimary","servers":{},"stale":false,"compatible":true,"heartbeatFrequencyMS":10000,"localThresholdMS":15,"setName":"atlas-rwjm2r-shard-0","maxElectionId":"7fffffff0000000000000017","maxSetVersion":1,"commonWireVersion":0,"logicalSessionTimeoutMinutes":null}},"msg":"Unhandled exception: getaddrinfo ENOTFOUND ac-ukrmkqf-shard-00-00.bhbsrt8.mongodb.net"}
{"level":50,"time":1675870999505,"pid":25544,"hostname":"MacBook-Pro","err":{"type":"DiscordAPIError","message":"Unknown interaction","stack":"DiscordAPIError[10062]: Unknown interaction\n    at SequentialHandler.runRequest (/Users/rhaym/Documents/GitHub/discordJS/node_modules/@discordjs/rest/dist/index.js:667:15)\n    at runMicrotasks (<anonymous>)\n    at processTicksAndRejections (node:internal/process/task_queues:96:5)\n    at async SequentialHandler.queueRequest (/Users/rhaym/Documents/GitHub/discordJS/node_modules/@discordjs/rest/dist/index.js:464:14)\n    at async REST.request (/Users/rhaym/Documents/GitHub/discordJS/node_modules/@discordjs/rest/dist/index.js:910:22)\n    at async ChatInputCommandInteraction.reply (/Users/rhaym/Documents/GitHub/discordJS/node_modules/discord.js/src/structures/interfaces/InteractionResponses.js:111:5)\n    at async module.exports (/Users/rhaym/Documents/GitHub/discordJS/src/events/interactions/interactionCreate.js:18:5)","requestBody":{"files":[],"json":{"type":4,"data":{"content":"You need `Manage server` permission for this command","tts":false,"allowed_mentions":{"replied_user":false},"flags":64}}},"rawError":{"message":"Unknown interaction","code":10062},"code":10062,"status":404,"method":"POST","url":"https://discord.com/api/v10/interactions/1072951001344114779/aW50ZXJhY3Rpb246MTA3Mjk1MTAwMTM0NDExNDc3OTp1YW1QN1Y1QjNWMXdEWURWME1rSXVsd2N1czRPd0tkanJZdEtHNWVGdEYwRllmb3lscFhXWlVDRVE3NzY0b1VJUThEOWludTc5UmYxWWgxeVJpOFpYeEhCT0JOQWZoNDhMbm9yOHdhWExIdjEyaGU4NE5qMWk0T25kMEtzVGljSQ/callback"},"msg":"Client Error: Unknown interaction"}
{"level":30,"time":1675872210445,"pid":36806,"hostname":"MacBook-Pro","msg":"Validating config file and environment variables"}
{"level":40,"time":1675872210447,"pid":36806,"hostname":"MacBook-Pro","msg":"env: SPOTIFY_CLIENT_ID or SPOTIFY_CLIENT_SECRET are missing. Spotify music links won't work"}
{"level":40,"time":1675872210447,"pid":36806,"hostname":"MacBook-Pro","msg":"config.js: OWNER_IDS are empty"}
{"level":40,"time":1675872210447,"pid":36806,"hostname":"MacBook-Pro","msg":"env: WEATHERSTACK_KEY is missing. Weather command won't work"}
{"level":40,"time":1675872210447,"pid":36806,"hostname":"MacBook-Pro","msg":"env: STRANGE_API_KEY is missing. Image commands won't work"}
{"level":30,"time":1675872210512,"pid":36806,"hostname":"MacBook-Pro","msg":"Loading commands..."}
{"level":20,"time":1675872210523,"pid":36806,"hostname":"MacBook-Pro","msg":"Skipping Command anti. Category AUTOMOD is disabled"}
{"level":20,"time":1675872210524,"pid":36806,"hostname":"MacBook-Pro","msg":"Skipping Command autodelete. Category AUTOMOD is disabled"}
{"level":20,"time":1675872210582,"pid":36806,"hostname":"MacBook-Pro","msg":"Skipping Command automod. Category AUTOMOD is disabled"}
{"level":20,"time":1675872210608,"pid":36806,"hostname":"MacBook-Pro","msg":"Skipping Command bank. Category ECONOMY is disabled"}
{"level":20,"time":1675872210609,"pid":36806,"hostname":"MacBook-Pro","msg":"Skipping Command beg. Category ECONOMY is disabled"}
{"level":20,"time":1675872210610,"pid":36806,"hostname":"MacBook-Pro","msg":"Skipping Command daily. Category ECONOMY is disabled"}
{"level":20,"time":1675872210611,"pid":36806,"hostname":"MacBook-Pro","msg":"Skipping Command gamble. Category ECONOMY is disabled"}
{"level":20,"time":1675872211098,"pid":36806,"hostname":"MacBook-Pro","msg":"Skipping slash command avatar. Disabled!"}
{"level":20,"time":1675872211099,"pid":36806,"hostname":"MacBook-Pro","msg":"Skipping slash command botinvite. Disabled!"}
{"level":20,"time":1675872211100,"pid":36806,"hostname":"MacBook-Pro","msg":"Skipping slash command botstats. Disabled!"}
{"level":20,"time":1675872211102,"pid":36806,"hostname":"MacBook-Pro","msg":"Skipping slash command channelinfo. Disabled!"}
{"level":20,"time":1675872211104,"pid":36806,"hostname":"MacBook-Pro","msg":"Skipping slash command emojiinfo. Disabled!"}
{"level":20,"time":1675872211113,"pid":36806,"hostname":"MacBook-Pro","msg":"Skipping slash command guildinfo. Disabled!"}
{"level":20,"time":1675872211114,"pid":36806,"hostname":"MacBook-Pro","msg":"Skipping slash command uptime. Disabled!"}
{"level":20,"time":1675872211116,"pid":36806,"hostname":"MacBook-Pro","msg":"Skipping slash command userinfo. Disabled!"}
{"level":20,"time":1675872211118,"pid":36806,"hostname":"MacBook-Pro","msg":"Skipping command bot. Disabled!"}
{"level":20,"time":1675872211119,"pid":36806,"hostname":"MacBook-Pro","msg":"Skipping command info. Disabled!"}
{"level":20,"time":1675872211132,"pid":36806,"hostname":"MacBook-Pro","msg":"Skipping slash command deafen. Disabled!"}
{"level":20,"time":1675872211133,"pid":36806,"hostname":"MacBook-Pro","msg":"Skipping slash command disconnect. Disabled!"}
{"level":20,"time":1675872211136,"pid":36806,"hostname":"MacBook-Pro","msg":"Skipping slash command move. Disabled!"}
{"level":20,"time":1675872211137,"pid":36806,"hostname":"MacBook-Pro","msg":"Skipping slash command purge. Disabled!"}
{"level":20,"time":1675872211137,"pid":36806,"hostname":"MacBook-Pro","msg":"Skipping slash command purgeattach. Disabled!"}
{"level":20,"time":1675872211138,"pid":36806,"hostname":"MacBook-Pro","msg":"Skipping slash command purgebots. Disabled!"}
{"level":20,"time":1675872211139,"pid":36806,"hostname":"MacBook-Pro","msg":"Skipping slash command purgelinks. Disabled!"}
{"level":20,"time":1675872211139,"pid":36806,"hostname":"MacBook-Pro","msg":"Skipping slash command purgetoken. Disabled!"}
{"level":20,"time":1675872211140,"pid":36806,"hostname":"MacBook-Pro","msg":"Skipping slash command purgeuser. Disabled!"}
{"level":20,"time":1675872211141,"pid":36806,"hostname":"MacBook-Pro","msg":"Skipping slash command undeafen. Disabled!"}
{"level":20,"time":1675872211142,"pid":36806,"hostname":"MacBook-Pro","msg":"Skipping slash command vmute. Disabled!"}
{"level":20,"time":1675872211143,"pid":36806,"hostname":"MacBook-Pro","msg":"Skipping slash command vunmute. Disabled!"}
{"level":20,"time":1675872211146,"pid":36806,"hostname":"MacBook-Pro","msg":"Skipping command purge. Disabled!"}
{"level":20,"time":1675872211147,"pid":36806,"hostname":"MacBook-Pro","msg":"Skipping command voice. Disabled!"}
{"level":20,"time":1675872211167,"pid":36806,"hostname":"MacBook-Pro","msg":"Skipping slash command eval. Disabled!"}
{"level":20,"time":1675872211167,"pid":36806,"hostname":"MacBook-Pro","msg":"Skipping slash command leaveserver. Disabled!"}
{"level":20,"time":1675872211168,"pid":36806,"hostname":"MacBook-Pro","msg":"Skipping slash command listservers. Disabled!"}
{"level":20,"time":1675872211170,"pid":36806,"hostname":"MacBook-Pro","msg":"Skipping Command rank. Category STATS is disabled"}
{"level":20,"time":1675872211171,"pid":36806,"hostname":"MacBook-Pro","msg":"Skipping Command stats. Category STATS is disabled"}
{"level":20,"time":1675872211172,"pid":36806,"hostname":"MacBook-Pro","msg":"Skipping Command statstracking. Category STATS is disabled"}
{"level":20,"time":1675872211173,"pid":36806,"hostname":"MacBook-Pro","msg":"Skipping Command levelup. Category STATS is disabled"}
{"level":20,"time":1675872211174,"pid":36806,"hostname":"MacBook-Pro","msg":"Skipping Command suggest. Category SUGGESTION is disabled"}
{"level":20,"time":1675872211176,"pid":36806,"hostname":"MacBook-Pro","msg":"Skipping Command suggestion. Category SUGGESTION is disabled"}
{"level":30,"time":1675872211196,"pid":36806,"hostname":"MacBook-Pro","msg":"Loaded 92 commands"}
{"level":30,"time":1675872211196,"pid":36806,"hostname":"MacBook-Pro","msg":"Loaded 73 slash commands"}
{"level":30,"time":1675872211196,"pid":36806,"hostname":"MacBook-Pro","msg":"Loading contexts..."}
{"level":30,"time":1675872211197,"pid":36806,"hostname":"MacBook-Pro","msg":"Loaded 0 USER contexts"}
{"level":30,"time":1675872211198,"pid":36806,"hostname":"MacBook-Pro","msg":"Loaded 0 MESSAGE contexts"}
{"level":30,"time":1675872211198,"pid":36806,"hostname":"MacBook-Pro","msg":"Loading events..."}
{"level":30,"time":1675872211240,"pid":36806,"hostname":"MacBook-Pro","msg":"Loaded 15 events. Success (15) Failed (0)"}
{"level":30,"time":1675872211899,"pid":36806,"hostname":"MacBook-Pro","msg":"VersionCheck: Your discord bot is up to date"}
{"level":30,"time":1675872211899,"pid":36806,"hostname":"MacBook-Pro","msg":"Launching dashboard"}
{"level":30,"time":1675872212171,"pid":36806,"hostname":"MacBook-Pro","msg":"Connecting to MongoDb..."}
{"level":30,"time":1675872214765,"pid":36806,"hostname":"MacBook-Pro","msg":"Mongoose: Database connection established"}
{"level":30,"time":1675872214790,"pid":36806,"hostname":"MacBook-Pro","msg":"Dashboard is listening on port 8080"}
{"level":30,"time":1675872220981,"pid":36806,"hostname":"MacBook-Pro","msg":"Logged in as AI Rhaym's bot#8363! (1053744760705269801)"}
{"level":20,"time":1675872220981,"pid":36806,"hostname":"MacBook-Pro","msg":"Node \"Local Node\" debug: connection: creating websocket..."}
{"level":30,"time":1675872220983,"pid":36806,"hostname":"MacBook-Pro","msg":"Music Manager initialized"}
{"level":30,"time":1675872220983,"pid":36806,"hostname":"MacBook-Pro","msg":"Initializing giveaways manager..."}
{"level":50,"time":1675872221001,"pid":36806,"hostname":"MacBook-Pro","err":{"type":"Error","message":"Error: connect ECONNREFUSED 127.0.0.1:2333","stack":"Error: Error: connect ECONNREFUSED 127.0.0.1:2333\n    at Connection._onerror (/Users/rhaym/Documents/GitHub/discordJS/node_modules/lavaclient/dist/lib/node/Connection.js:145:33)\n    at callListener (/Users/rhaym/Documents/GitHub/discordJS/node_modules/ws/lib/event-target.js:290:14)\n    at WebSocket.onError (/Users/rhaym/Documents/GitHub/discordJS/node_modules/ws/lib/event-target.js:230:9)\n    at WebSocket.emit (node:events:513:28)\n    at emitErrorAndClose (/Users/rhaym/Documents/GitHub/discordJS/node_modules/ws/lib/websocket.js:1002:13)\n    at ClientRequest.<anonymous> (/Users/rhaym/Documents/GitHub/discordJS/node_modules/ws/lib/websocket.js:854:5)\n    at ClientRequest.emit (node:events:513:28)\n    at Socket.socketErrorListener (node:_http_client:494:9)\n    at Socket.emit (node:events:513:28)\n    at emitErrorNT (node:internal/streams/destroy:157:8)"},"msg":"Node \"Local Node\" encountered an error: Error: connect ECONNREFUSED 127.0.0.1:2333.: Error: connect ECONNREFUSED 127.0.0.1:2333"}
{"level":30,"time":1675872221002,"pid":36806,"hostname":"MacBook-Pro","msg":"Node \"Local Node\" disconnected"}
{"level":20,"time":1675872221002,"pid":36806,"hostname":"MacBook-Pro","msg":"Node \"Local Node\" debug: connection: unable to reconnect"}
{"level":30,"time":1675872221401,"pid":36806,"hostname":"MacBook-Pro","msg":"Giveaway Manager initialized"}
{"level":30,"time":1675872223803,"pid":36806,"hostname":"MacBook-Pro","msg":"Successfully registered interactions"}
{"level":30,"time":1675919798540,"pid":55238,"hostname":"MacBook-Pro","msg":"Validating config file and environment variables"}
{"level":40,"time":1675919798541,"pid":55238,"hostname":"MacBook-Pro","msg":"env: SPOTIFY_CLIENT_ID or SPOTIFY_CLIENT_SECRET are missing. Spotify music links won't work"}
{"level":40,"time":1675919798542,"pid":55238,"hostname":"MacBook-Pro","msg":"config.js: OWNER_IDS are empty"}
{"level":40,"time":1675919798542,"pid":55238,"hostname":"MacBook-Pro","msg":"env: WEATHERSTACK_KEY is missing. Weather command won't work"}
{"level":40,"time":1675919798542,"pid":55238,"hostname":"MacBook-Pro","msg":"env: STRANGE_API_KEY is missing. Image commands won't work"}
{"level":30,"time":1675919798614,"pid":55238,"hostname":"MacBook-Pro","msg":"Loading commands..."}
{"level":20,"time":1675919798626,"pid":55238,"hostname":"MacBook-Pro","msg":"Skipping Command anti. Category AUTOMOD is disabled"}
{"level":20,"time":1675919798627,"pid":55238,"hostname":"MacBook-Pro","msg":"Skipping Command autodelete. Category AUTOMOD is disabled"}
{"level":20,"time":1675919798684,"pid":55238,"hostname":"MacBook-Pro","msg":"Skipping Command automod. Category AUTOMOD is disabled"}
{"level":50,"time":1675919798695,"pid":55238,"hostname":"MacBook-Pro","msg":"Failed to load /Users/rhaym/Documents/GitHub/discordJS/src/commands/ai/ai.js Reason: Not a valid category AI"}
{"level":50,"time":1675919798698,"pid":55238,"hostname":"MacBook-Pro","msg":"Failed to load /Users/rhaym/Documents/GitHub/discordJS/src/commands/ai/conversations.js Reason: Unexpected token 'export'"}
{"level":50,"time":1675919798699,"pid":55238,"hostname":"MacBook-Pro","msg":"Failed to load /Users/rhaym/Documents/GitHub/discordJS/src/commands/ai/stableDiffusion.js Reason: Unexpected token 'export'"}
{"level":20,"time":1675919798734,"pid":55238,"hostname":"MacBook-Pro","msg":"Skipping Command bank. Category ECONOMY is disabled"}
{"level":20,"time":1675919798735,"pid":55238,"hostname":"MacBook-Pro","msg":"Skipping Command beg. Category ECONOMY is disabled"}
{"level":20,"time":1675919798735,"pid":55238,"hostname":"MacBook-Pro","msg":"Skipping Command daily. Category ECONOMY is disabled"}
{"level":20,"time":1675919798737,"pid":55238,"hostname":"MacBook-Pro","msg":"Skipping Command gamble. Category ECONOMY is disabled"}
{"level":20,"time":1675919799223,"pid":55238,"hostname":"MacBook-Pro","msg":"Skipping slash command avatar. Disabled!"}
{"level":20,"time":1675919799224,"pid":55238,"hostname":"MacBook-Pro","msg":"Skipping slash command botinvite. Disabled!"}
{"level":20,"time":1675919799227,"pid":55238,"hostname":"MacBook-Pro","msg":"Skipping slash command botstats. Disabled!"}
{"level":20,"time":1675919799229,"pid":55238,"hostname":"MacBook-Pro","msg":"Skipping slash command channelinfo. Disabled!"}
{"level":20,"time":1675919799231,"pid":55238,"hostname":"MacBook-Pro","msg":"Skipping slash command emojiinfo. Disabled!"}
{"level":20,"time":1675919799240,"pid":55238,"hostname":"MacBook-Pro","msg":"Skipping slash command guildinfo. Disabled!"}
{"level":20,"time":1675919799241,"pid":55238,"hostname":"MacBook-Pro","msg":"Skipping slash command uptime. Disabled!"}
{"level":20,"time":1675919799243,"pid":55238,"hostname":"MacBook-Pro","msg":"Skipping slash command userinfo. Disabled!"}
{"level":20,"time":1675919799245,"pid":55238,"hostname":"MacBook-Pro","msg":"Skipping command bot. Disabled!"}
{"level":20,"time":1675919799246,"pid":55238,"hostname":"MacBook-Pro","msg":"Skipping command info. Disabled!"}
{"level":20,"time":1675919799260,"pid":55238,"hostname":"MacBook-Pro","msg":"Skipping slash command deafen. Disabled!"}
{"level":20,"time":1675919799261,"pid":55238,"hostname":"MacBook-Pro","msg":"Skipping slash command disconnect. Disabled!"}
{"level":20,"time":1675919799263,"pid":55238,"hostname":"MacBook-Pro","msg":"Skipping slash command move. Disabled!"}
{"level":20,"time":1675919799264,"pid":55238,"hostname":"MacBook-Pro","msg":"Skipping slash command purge. Disabled!"}
{"level":20,"time":1675919799264,"pid":55238,"hostname":"MacBook-Pro","msg":"Skipping slash command purgeattach. Disabled!"}
{"level":20,"time":1675919799265,"pid":55238,"hostname":"MacBook-Pro","msg":"Skipping slash command purgebots. Disabled!"}
{"level":20,"time":1675919799266,"pid":55238,"hostname":"MacBook-Pro","msg":"Skipping slash command purgelinks. Disabled!"}
{"level":20,"time":1675919799267,"pid":55238,"hostname":"MacBook-Pro","msg":"Skipping slash command purgetoken. Disabled!"}
{"level":20,"time":1675919799267,"pid":55238,"hostname":"MacBook-Pro","msg":"Skipping slash command purgeuser. Disabled!"}
{"level":20,"time":1675919799268,"pid":55238,"hostname":"MacBook-Pro","msg":"Skipping slash command undeafen. Disabled!"}
{"level":20,"time":1675919799270,"pid":55238,"hostname":"MacBook-Pro","msg":"Skipping slash command vmute. Disabled!"}
{"level":20,"time":1675919799271,"pid":55238,"hostname":"MacBook-Pro","msg":"Skipping slash command vunmute. Disabled!"}
{"level":20,"time":1675919799273,"pid":55238,"hostname":"MacBook-Pro","msg":"Skipping command purge. Disabled!"}
{"level":20,"time":1675919799275,"pid":55238,"hostname":"MacBook-Pro","msg":"Skipping command voice. Disabled!"}
{"level":20,"time":1675919799294,"pid":55238,"hostname":"MacBook-Pro","msg":"Skipping slash command eval. Disabled!"}
{"level":20,"time":1675919799294,"pid":55238,"hostname":"MacBook-Pro","msg":"Skipping slash command leaveserver. Disabled!"}
{"level":20,"time":1675919799295,"pid":55238,"hostname":"MacBook-Pro","msg":"Skipping slash command listservers. Disabled!"}
{"level":20,"time":1675919799298,"pid":55238,"hostname":"MacBook-Pro","msg":"Skipping Command rank. Category STATS is disabled"}
{"level":20,"time":1675919799299,"pid":55238,"hostname":"MacBook-Pro","msg":"Skipping Command stats. Category STATS is disabled"}
{"level":20,"time":1675919799299,"pid":55238,"hostname":"MacBook-Pro","msg":"Skipping Command statstracking. Category STATS is disabled"}
{"level":20,"time":1675919799300,"pid":55238,"hostname":"MacBook-Pro","msg":"Skipping Command levelup. Category STATS is disabled"}
{"level":20,"time":1675919799301,"pid":55238,"hostname":"MacBook-Pro","msg":"Skipping Command suggest. Category SUGGESTION is disabled"}
{"level":20,"time":1675919799304,"pid":55238,"hostname":"MacBook-Pro","msg":"Skipping Command suggestion. Category SUGGESTION is disabled"}
{"level":30,"time":1675919799320,"pid":55238,"hostname":"MacBook-Pro","msg":"Loaded 92 commands"}
{"level":30,"time":1675919799320,"pid":55238,"hostname":"MacBook-Pro","msg":"Loaded 73 slash commands"}
{"level":30,"time":1675919799320,"pid":55238,"hostname":"MacBook-Pro","msg":"Loading contexts..."}
{"level":30,"time":1675919799321,"pid":55238,"hostname":"MacBook-Pro","msg":"Loaded 0 USER contexts"}
{"level":30,"time":1675919799321,"pid":55238,"hostname":"MacBook-Pro","msg":"Loaded 0 MESSAGE contexts"}
{"level":30,"time":1675919799322,"pid":55238,"hostname":"MacBook-Pro","msg":"Loading events..."}
{"level":30,"time":1675919799360,"pid":55238,"hostname":"MacBook-Pro","msg":"Loaded 15 events. Success (15) Failed (0)"}
{"level":30,"time":1675919799360,"pid":55238,"hostname":"MacBook-Pro","msg":"Launching dashboard"}
{"level":30,"time":1675919799575,"pid":55238,"hostname":"MacBook-Pro","msg":"Connecting to MongoDb..."}
{"level":30,"time":1675919800581,"pid":55238,"hostname":"MacBook-Pro","msg":"Mongoose: Database connection established"}
{"level":30,"time":1675919800601,"pid":55238,"hostname":"MacBook-Pro","msg":"Dashboard is listening on port 8080"}
{"level":30,"time":1675919802518,"pid":55238,"hostname":"MacBook-Pro","msg":"Logged in as AI Rhaym's bot#8363! (1053744760705269801)"}
{"level":20,"time":1675919802519,"pid":55238,"hostname":"MacBook-Pro","msg":"Node \"Local Node\" debug: connection: creating websocket..."}
{"level":30,"time":1675919802521,"pid":55238,"hostname":"MacBook-Pro","msg":"Music Manager initialized"}
{"level":30,"time":1675919802521,"pid":55238,"hostname":"MacBook-Pro","msg":"Initializing giveaways manager..."}
{"level":50,"time":1675919802549,"pid":55238,"hostname":"MacBook-Pro","err":{"type":"Error","message":"Error: connect ECONNREFUSED 127.0.0.1:2333","stack":"Error: Error: connect ECONNREFUSED 127.0.0.1:2333\n    at Connection._onerror (/Users/rhaym/Documents/GitHub/discordJS/node_modules/lavaclient/dist/lib/node/Connection.js:145:33)\n    at callListener (/Users/rhaym/Documents/GitHub/discordJS/node_modules/ws/lib/event-target.js:290:14)\n    at WebSocket.onError (/Users/rhaym/Documents/GitHub/discordJS/node_modules/ws/lib/event-target.js:230:9)\n    at WebSocket.emit (node:events:513:28)\n    at emitErrorAndClose (/Users/rhaym/Documents/GitHub/discordJS/node_modules/ws/lib/websocket.js:1002:13)\n    at ClientRequest.<anonymous> (/Users/rhaym/Documents/GitHub/discordJS/node_modules/ws/lib/websocket.js:854:5)\n    at ClientRequest.emit (node:events:513:28)\n    at Socket.socketErrorListener (node:_http_client:494:9)\n    at Socket.emit (node:events:513:28)\n    at emitErrorNT (node:internal/streams/destroy:157:8)"},"msg":"Node \"Local Node\" encountered an error: Error: connect ECONNREFUSED 127.0.0.1:2333.: Error: connect ECONNREFUSED 127.0.0.1:2333"}
{"level":30,"time":1675919802550,"pid":55238,"hostname":"MacBook-Pro","msg":"Node \"Local Node\" disconnected"}
{"level":20,"time":1675919802550,"pid":55238,"hostname":"MacBook-Pro","msg":"Node \"Local Node\" debug: connection: unable to reconnect"}
{"level":30,"time":1675919802639,"pid":55238,"hostname":"MacBook-Pro","msg":"Giveaway Manager initialized"}
{"level":30,"time":1675919803191,"pid":55238,"hostname":"MacBook-Pro","msg":"Successfully registered interactions"}
{"level":30,"time":1675920861749,"pid":55919,"hostname":"MacBook-Pro","msg":"Validating config file and environment variables"}
{"level":40,"time":1675920861751,"pid":55919,"hostname":"MacBook-Pro","msg":"env: SPOTIFY_CLIENT_ID or SPOTIFY_CLIENT_SECRET are missing. Spotify music links won't work"}
{"level":40,"time":1675920861751,"pid":55919,"hostname":"MacBook-Pro","msg":"config.js: OWNER_IDS are empty"}
{"level":30,"time":1675920861814,"pid":55919,"hostname":"MacBook-Pro","msg":"Loading commands..."}
{"level":20,"time":1675920861827,"pid":55919,"hostname":"MacBook-Pro","msg":"Skipping Command anti. Category AUTOMOD is disabled"}
{"level":20,"time":1675920861828,"pid":55919,"hostname":"MacBook-Pro","msg":"Skipping Command autodelete. Category AUTOMOD is disabled"}
{"level":20,"time":1675920861879,"pid":55919,"hostname":"MacBook-Pro","msg":"Skipping Command automod. Category AUTOMOD is disabled"}
{"level":20,"time":1675920862386,"pid":55919,"hostname":"MacBook-Pro","msg":"Skipping slash command avatar. Disabled!"}
{"level":20,"time":1675920862387,"pid":55919,"hostname":"MacBook-Pro","msg":"Skipping slash command botinvite. Disabled!"}
{"level":20,"time":1675920862389,"pid":55919,"hostname":"MacBook-Pro","msg":"Skipping slash command botstats. Disabled!"}
{"level":20,"time":1675920862390,"pid":55919,"hostname":"MacBook-Pro","msg":"Skipping slash command channelinfo. Disabled!"}
{"level":20,"time":1675920862391,"pid":55919,"hostname":"MacBook-Pro","msg":"Skipping slash command emojiinfo. Disabled!"}
{"level":20,"time":1675920862399,"pid":55919,"hostname":"MacBook-Pro","msg":"Skipping slash command guildinfo. Disabled!"}
{"level":20,"time":1675920862400,"pid":55919,"hostname":"MacBook-Pro","msg":"Skipping slash command uptime. Disabled!"}
{"level":20,"time":1675920862401,"pid":55919,"hostname":"MacBook-Pro","msg":"Skipping slash command userinfo. Disabled!"}
{"level":20,"time":1675920862402,"pid":55919,"hostname":"MacBook-Pro","msg":"Skipping command bot. Disabled!"}
{"level":20,"time":1675920862403,"pid":55919,"hostname":"MacBook-Pro","msg":"Skipping command info. Disabled!"}
{"level":20,"time":1675920862409,"pid":55919,"hostname":"MacBook-Pro","msg":"Skipping slash command deafen. Disabled!"}
{"level":20,"time":1675920862410,"pid":55919,"hostname":"MacBook-Pro","msg":"Skipping slash command disconnect. Disabled!"}
{"level":20,"time":1675920862412,"pid":55919,"hostname":"MacBook-Pro","msg":"Skipping slash command move. Disabled!"}
{"level":20,"time":1675920862413,"pid":55919,"hostname":"MacBook-Pro","msg":"Skipping slash command purge. Disabled!"}
{"level":20,"time":1675920862413,"pid":55919,"hostname":"MacBook-Pro","msg":"Skipping slash command purgeattach. Disabled!"}
{"level":20,"time":1675920862414,"pid":55919,"hostname":"MacBook-Pro","msg":"Skipping slash command purgebots. Disabled!"}
{"level":20,"time":1675920862414,"pid":55919,"hostname":"MacBook-Pro","msg":"Skipping slash command purgelinks. Disabled!"}
{"level":20,"time":1675920862415,"pid":55919,"hostname":"MacBook-Pro","msg":"Skipping slash command purgetoken. Disabled!"}
{"level":20,"time":1675920862415,"pid":55919,"hostname":"MacBook-Pro","msg":"Skipping slash command purgeuser. Disabled!"}
{"level":20,"time":1675920862416,"pid":55919,"hostname":"MacBook-Pro","msg":"Skipping slash command undeafen. Disabled!"}
{"level":20,"time":1675920862417,"pid":55919,"hostname":"MacBook-Pro","msg":"Skipping slash command vmute. Disabled!"}
{"level":20,"time":1675920862417,"pid":55919,"hostname":"MacBook-Pro","msg":"Skipping slash command vunmute. Disabled!"}
{"level":20,"time":1675920862419,"pid":55919,"hostname":"MacBook-Pro","msg":"Skipping command purge. Disabled!"}
{"level":20,"time":1675920862419,"pid":55919,"hostname":"MacBook-Pro","msg":"Skipping command voice. Disabled!"}
{"level":20,"time":1675920862436,"pid":55919,"hostname":"MacBook-Pro","msg":"Skipping slash command eval. Disabled!"}
{"level":20,"time":1675920862436,"pid":55919,"hostname":"MacBook-Pro","msg":"Skipping slash command leaveserver. Disabled!"}
{"level":20,"time":1675920862437,"pid":55919,"hostname":"MacBook-Pro","msg":"Skipping slash command listservers. Disabled!"}
{"level":30,"time":1675920862454,"pid":55919,"hostname":"MacBook-Pro","msg":"Loaded 102 commands"}
{"level":30,"time":1675920862454,"pid":55919,"hostname":"MacBook-Pro","msg":"Loaded 83 slash commands"}
{"level":30,"time":1675920862455,"pid":55919,"hostname":"MacBook-Pro","msg":"Loading contexts..."}
{"level":30,"time":1675920862456,"pid":55919,"hostname":"MacBook-Pro","msg":"Loaded 0 USER contexts"}
{"level":30,"time":1675920862456,"pid":55919,"hostname":"MacBook-Pro","msg":"Loaded 0 MESSAGE contexts"}
{"level":30,"time":1675920862456,"pid":55919,"hostname":"MacBook-Pro","msg":"Loading events..."}
{"level":30,"time":1675920862487,"pid":55919,"hostname":"MacBook-Pro","msg":"Loaded 15 events. Success (15) Failed (0)"}
{"level":30,"time":1675920862487,"pid":55919,"hostname":"MacBook-Pro","msg":"Launching dashboard"}
{"level":30,"time":1675920862707,"pid":55919,"hostname":"MacBook-Pro","msg":"Connecting to MongoDb..."}
{"level":30,"time":1675920863995,"pid":55919,"hostname":"MacBook-Pro","msg":"Mongoose: Database connection established"}
{"level":30,"time":1675920864016,"pid":55919,"hostname":"MacBook-Pro","msg":"Dashboard is listening on port 8080"}
{"level":30,"time":1675920865273,"pid":55919,"hostname":"MacBook-Pro","msg":"Logged in as AI Rhaym's bot#8363! (1053744760705269801)"}
{"level":20,"time":1675920865274,"pid":55919,"hostname":"MacBook-Pro","msg":"Node \"Local Node\" debug: connection: creating websocket..."}
{"level":30,"time":1675920865275,"pid":55919,"hostname":"MacBook-Pro","msg":"Music Manager initialized"}
{"level":30,"time":1675920865275,"pid":55919,"hostname":"MacBook-Pro","msg":"Initializing giveaways manager..."}
{"level":50,"time":1675920865287,"pid":55919,"hostname":"MacBook-Pro","err":{"type":"Error","message":"Error: connect ECONNREFUSED 127.0.0.1:2333","stack":"Error: Error: connect ECONNREFUSED 127.0.0.1:2333\n    at Connection._onerror (/Users/rhaym/Documents/GitHub/discordJS/node_modules/lavaclient/dist/lib/node/Connection.js:145:33)\n    at callListener (/Users/rhaym/Documents/GitHub/discordJS/node_modules/ws/lib/event-target.js:290:14)\n    at WebSocket.onError (/Users/rhaym/Documents/GitHub/discordJS/node_modules/ws/lib/event-target.js:230:9)\n    at WebSocket.emit (node:events:513:28)\n    at emitErrorAndClose (/Users/rhaym/Documents/GitHub/discordJS/node_modules/ws/lib/websocket.js:1002:13)\n    at ClientRequest.<anonymous> (/Users/rhaym/Documents/GitHub/discordJS/node_modules/ws/lib/websocket.js:854:5)\n    at ClientRequest.emit (node:events:513:28)\n    at Socket.socketErrorListener (node:_http_client:494:9)\n    at Socket.emit (node:events:513:28)\n    at emitErrorNT (node:internal/streams/destroy:157:8)"},"msg":"Node \"Local Node\" encountered an error: Error: connect ECONNREFUSED 127.0.0.1:2333.: Error: connect ECONNREFUSED 127.0.0.1:2333"}
{"level":30,"time":1675920865288,"pid":55919,"hostname":"MacBook-Pro","msg":"Node \"Local Node\" disconnected"}
{"level":20,"time":1675920865289,"pid":55919,"hostname":"MacBook-Pro","msg":"Node \"Local Node\" debug: connection: unable to reconnect"}
{"level":30,"time":1675920865381,"pid":55919,"hostname":"MacBook-Pro","msg":"Giveaway Manager initialized"}
{"level":30,"time":1675920866233,"pid":55919,"hostname":"MacBook-Pro","msg":"Successfully registered interactions"}
{"level":50,"time":1675928862626,"pid":55919,"hostname":"MacBook-Pro","err":{"type":"TypeError","message":"Cannot read properties of null (reading 'loadTracks')","stack":"TypeError: Cannot read properties of null (reading 'loadTracks')\n    at play (/Users/rhaym/Documents/GitHub/discordJS/src/commands/music/play.js:107:56)\n    at Object.interactionRun (/Users/rhaym/Documents/GitHub/discordJS/src/commands/music/play.js:45:28)\n    at Object.handleSlashCommand (/Users/rhaym/Documents/GitHub/discordJS/src/handlers/command.js:140:17)\n    at runMicrotasks (<anonymous>)\n    at processTicksAndRejections (node:internal/process/task_queues:96:5)\n    at async module.exports (/Users/rhaym/Documents/GitHub/discordJS/src/events/interactions/interactionCreate.js:18:5)"},"msg":"Search Exception: Cannot read properties of null (reading 'loadTracks')"}
{"level":50,"time":1675928914389,"pid":55919,"hostname":"MacBook-Pro","err":{"type":"TypeError","message":"Cannot read properties of null (reading 'loadTracks')","stack":"TypeError: Cannot read properties of null (reading 'loadTracks')\n    at play (/Users/rhaym/Documents/GitHub/discordJS/src/commands/music/play.js:107:56)\n    at Object.interactionRun (/Users/rhaym/Documents/GitHub/discordJS/src/commands/music/play.js:45:28)\n    at Object.handleSlashCommand (/Users/rhaym/Documents/GitHub/discordJS/src/handlers/command.js:140:17)\n    at runMicrotasks (<anonymous>)\n    at processTicksAndRejections (node:internal/process/task_queues:96:5)\n    at async module.exports (/Users/rhaym/Documents/GitHub/discordJS/src/events/interactions/interactionCreate.js:18:5)"},"msg":"Search Exception: Cannot read properties of null (reading 'loadTracks')"}
{"level":50,"time":1675929027662,"pid":55919,"hostname":"MacBook-Pro","err":{"type":"TypeError","message":"Cannot read properties of null (reading 'loadTracks')","stack":"TypeError: Cannot read properties of null (reading 'loadTracks')\n    at play (/Users/rhaym/Documents/GitHub/discordJS/src/commands/music/play.js:107:56)\n    at Object.interactionRun (/Users/rhaym/Documents/GitHub/discordJS/src/commands/music/play.js:45:28)\n    at Object.handleSlashCommand (/Users/rhaym/Documents/GitHub/discordJS/src/handlers/command.js:140:17)\n    at runMicrotasks (<anonymous>)\n    at processTicksAndRejections (node:internal/process/task_queues:96:5)\n    at async module.exports (/Users/rhaym/Documents/GitHub/discordJS/src/events/interactions/interactionCreate.js:18:5)"},"msg":"Search Exception: Cannot read properties of null (reading 'loadTracks')"}
{"level":50,"time":1675931664602,"pid":55919,"hostname":"MacBook-Pro","err":{"type":"TypeError","message":"Cannot read properties of null (reading 'loadTracks')","stack":"TypeError: Cannot read properties of null (reading 'loadTracks')\n    at play (/Users/rhaym/Documents/GitHub/discordJS/src/commands/music/play.js:107:56)\n    at Object.interactionRun (/Users/rhaym/Documents/GitHub/discordJS/src/commands/music/play.js:45:28)\n    at Object.handleSlashCommand (/Users/rhaym/Documents/GitHub/discordJS/src/handlers/command.js:140:17)\n    at runMicrotasks (<anonymous>)\n    at processTicksAndRejections (node:internal/process/task_queues:96:5)\n    at async module.exports (/Users/rhaym/Documents/GitHub/discordJS/src/events/interactions/interactionCreate.js:18:5)"},"msg":"Search Exception: Cannot read properties of null (reading 'loadTracks')"}
